2023-02-12 15:02:884 INFO  HomePage :39 - Job field is selected :[[ChromeDriver: chrome on WINDOWS (16d0364f18f988f0f106ef62d707623e)] -> xpath: //input[@id='keywords']]
2023-02-12 15:02:292 INFO  HomePage :48 - Location field is selected :[[ChromeDriver: chrome on WINDOWS (16d0364f18f988f0f106ef62d707623e)] -> xpath: //input[@id='location']]
2023-02-12 15:02:413 INFO  HomePage :57 - Distance dropdown is selected :[[ChromeDriver: chrome on WINDOWS (16d0364f18f988f0f106ef62d707623e)] -> xpath: //select[@id='distance']]
2023-02-12 15:02:764 INFO  HomePage :66 - Clicked on more search option :[[ChromeDriver: chrome on WINDOWS (16d0364f18f988f0f106ef62d707623e)] -> xpath: //button[@id='toggle-hp-search']]
2023-02-12 15:02:875 INFO  HomePage :75 - Clicked on the min salary field :[[ChromeDriver: chrome on WINDOWS (16d0364f18f988f0f106ef62d707623e)] -> xpath: //input[@id='salarymin']]
2023-02-12 15:02:947 INFO  HomePage :84 - Clicked on the max salary field :[[ChromeDriver: chrome on WINDOWS (16d0364f18f988f0f106ef62d707623e)] -> xpath: //input[@id='salarymax']]
2023-02-12 15:02:23 INFO  HomePage :93 - Clicked on salary type dropdown :[[ChromeDriver: chrome on WINDOWS (16d0364f18f988f0f106ef62d707623e)] -> xpath: //select[@id='salarytype']]
2023-02-12 15:02:118 INFO  HomePage :102 - Clicked onm the Job type drop down :[[ChromeDriver: chrome on WINDOWS (16d0364f18f988f0f106ef62d707623e)] -> xpath: //select[@id='tempperm']]
2023-02-12 15:02:198 INFO  HomePage :111 - Clicked on Find jobs button :[[ChromeDriver: chrome on WINDOWS (16d0364f18f988f0f106ef62d707623e)] -> xpath: //input[@id='hp-search-btn']]
2023-02-12 15:02:692 INFO  HomePage :39 - Job field is selected :[[ChromeDriver: chrome on WINDOWS (8e7d483b22fe3f76a836200057562b00)] -> xpath: //input[@id='keywords']]
2023-02-12 15:02:160 INFO  HomePage :48 - Location field is selected :[[ChromeDriver: chrome on WINDOWS (8e7d483b22fe3f76a836200057562b00)] -> xpath: //input[@id='location']]
2023-02-12 15:02:258 INFO  HomePage :57 - Distance dropdown is selected :[[ChromeDriver: chrome on WINDOWS (8e7d483b22fe3f76a836200057562b00)] -> xpath: //select[@id='distance']]
2023-02-12 15:02:412 INFO  HomePage :66 - Clicked on more search option :[[ChromeDriver: chrome on WINDOWS (8e7d483b22fe3f76a836200057562b00)] -> xpath: //button[@id='toggle-hp-search']]
2023-02-12 15:02:587 INFO  HomePage :75 - Clicked on the min salary field :[[ChromeDriver: chrome on WINDOWS (8e7d483b22fe3f76a836200057562b00)] -> xpath: //input[@id='salarymin']]
2023-02-12 15:02:651 INFO  HomePage :84 - Clicked on the max salary field :[[ChromeDriver: chrome on WINDOWS (8e7d483b22fe3f76a836200057562b00)] -> xpath: //input[@id='salarymax']]
2023-02-12 15:02:740 INFO  HomePage :93 - Clicked on salary type dropdown :[[ChromeDriver: chrome on WINDOWS (8e7d483b22fe3f76a836200057562b00)] -> xpath: //select[@id='salarytype']]
2023-02-12 15:02:830 INFO  HomePage :102 - Clicked onm the Job type drop down :[[ChromeDriver: chrome on WINDOWS (8e7d483b22fe3f76a836200057562b00)] -> xpath: //select[@id='tempperm']]
2023-02-12 15:02:916 INFO  HomePage :111 - Clicked on Find jobs button :[[ChromeDriver: chrome on WINDOWS (8e7d483b22fe3f76a836200057562b00)] -> xpath: //input[@id='hp-search-btn']]
2023-02-12 15:02:567 INFO  HomePage :39 - Job field is selected :[[ChromeDriver: chrome on WINDOWS (ab858f0e28e294e281662944d2cc8706)] -> xpath: //input[@id='keywords']]
2023-02-12 15:02:865 INFO  HomePage :48 - Location field is selected :[[ChromeDriver: chrome on WINDOWS (ab858f0e28e294e281662944d2cc8706)] -> xpath: //input[@id='location']]
2023-02-12 15:02:970 INFO  HomePage :57 - Distance dropdown is selected :[[ChromeDriver: chrome on WINDOWS (ab858f0e28e294e281662944d2cc8706)] -> xpath: //select[@id='distance']]
2023-02-12 15:02:72 INFO  HomePage :66 - Clicked on more search option :[[ChromeDriver: chrome on WINDOWS (ab858f0e28e294e281662944d2cc8706)] -> xpath: //button[@id='toggle-hp-search']]
2023-02-12 15:02:246 INFO  HomePage :75 - Clicked on the min salary field :[[ChromeDriver: chrome on WINDOWS (ab858f0e28e294e281662944d2cc8706)] -> xpath: //input[@id='salarymin']]
2023-02-12 15:02:318 INFO  HomePage :84 - Clicked on the max salary field :[[ChromeDriver: chrome on WINDOWS (ab858f0e28e294e281662944d2cc8706)] -> xpath: //input[@id='salarymax']]
2023-02-12 15:02:409 INFO  HomePage :93 - Clicked on salary type dropdown :[[ChromeDriver: chrome on WINDOWS (ab858f0e28e294e281662944d2cc8706)] -> xpath: //select[@id='salarytype']]
2023-02-12 15:02:493 INFO  HomePage :102 - Clicked onm the Job type drop down :[[ChromeDriver: chrome on WINDOWS (ab858f0e28e294e281662944d2cc8706)] -> xpath: //select[@id='tempperm']]
2023-02-12 15:02:575 INFO  HomePage :111 - Clicked on Find jobs button :[[ChromeDriver: chrome on WINDOWS (ab858f0e28e294e281662944d2cc8706)] -> xpath: //input[@id='hp-search-btn']]
2023-02-12 15:02:24 INFO  HomePage :39 - Job field is selected :[[ChromeDriver: chrome on WINDOWS (4e65bd26a4b11752e38821d6fbccbc07)] -> xpath: //input[@id='keywords']]
2023-02-12 15:02:84 INFO  HomePage :48 - Location field is selected :[[ChromeDriver: chrome on WINDOWS (4e65bd26a4b11752e38821d6fbccbc07)] -> xpath: //input[@id='location']]
2023-02-12 15:02:272 INFO  HomePage :57 - Distance dropdown is selected :[[ChromeDriver: chrome on WINDOWS (4e65bd26a4b11752e38821d6fbccbc07)] -> xpath: //select[@id='distance']]
2023-02-12 15:02:543 INFO  HomePage :66 - Clicked on more search option :[[ChromeDriver: chrome on WINDOWS (4e65bd26a4b11752e38821d6fbccbc07)] -> xpath: //button[@id='toggle-hp-search']]
2023-02-12 15:02:709 INFO  HomePage :75 - Clicked on the min salary field :[[ChromeDriver: chrome on WINDOWS (4e65bd26a4b11752e38821d6fbccbc07)] -> xpath: //input[@id='salarymin']]
2023-02-12 15:02:798 INFO  HomePage :84 - Clicked on the max salary field :[[ChromeDriver: chrome on WINDOWS (4e65bd26a4b11752e38821d6fbccbc07)] -> xpath: //input[@id='salarymax']]
2023-02-12 15:02:906 INFO  HomePage :93 - Clicked on salary type dropdown :[[ChromeDriver: chrome on WINDOWS (4e65bd26a4b11752e38821d6fbccbc07)] -> xpath: //select[@id='salarytype']]
2023-02-12 15:02:52 INFO  HomePage :102 - Clicked onm the Job type drop down :[[ChromeDriver: chrome on WINDOWS (4e65bd26a4b11752e38821d6fbccbc07)] -> xpath: //select[@id='tempperm']]
2023-02-12 15:02:142 INFO  HomePage :111 - Clicked on Find jobs button :[[ChromeDriver: chrome on WINDOWS (4e65bd26a4b11752e38821d6fbccbc07)] -> xpath: //input[@id='hp-search-btn']]
2023-02-12 15:02:528 INFO  HomePage :39 - Job field is selected :[[ChromeDriver: chrome on WINDOWS (1d1fdcdb44c4c5516070f0a235ab4548)] -> xpath: //input[@id='keywords']]
2023-02-12 15:02:924 INFO  HomePage :48 - Location field is selected :[[ChromeDriver: chrome on WINDOWS (1d1fdcdb44c4c5516070f0a235ab4548)] -> xpath: //input[@id='location']]
2023-02-12 15:02:29 INFO  HomePage :57 - Distance dropdown is selected :[[ChromeDriver: chrome on WINDOWS (1d1fdcdb44c4c5516070f0a235ab4548)] -> xpath: //select[@id='distance']]
2023-02-12 15:02:159 INFO  HomePage :66 - Clicked on more search option :[[ChromeDriver: chrome on WINDOWS (1d1fdcdb44c4c5516070f0a235ab4548)] -> xpath: //button[@id='toggle-hp-search']]
2023-02-12 15:02:316 INFO  HomePage :75 - Clicked on the min salary field :[[ChromeDriver: chrome on WINDOWS (1d1fdcdb44c4c5516070f0a235ab4548)] -> xpath: //input[@id='salarymin']]
2023-02-12 15:02:389 INFO  HomePage :84 - Clicked on the max salary field :[[ChromeDriver: chrome on WINDOWS (1d1fdcdb44c4c5516070f0a235ab4548)] -> xpath: //input[@id='salarymax']]
2023-02-12 15:02:483 INFO  HomePage :93 - Clicked on salary type dropdown :[[ChromeDriver: chrome on WINDOWS (1d1fdcdb44c4c5516070f0a235ab4548)] -> xpath: //select[@id='salarytype']]
2023-02-12 15:02:567 INFO  HomePage :102 - Clicked onm the Job type drop down :[[ChromeDriver: chrome on WINDOWS (1d1fdcdb44c4c5516070f0a235ab4548)] -> xpath: //select[@id='tempperm']]
2023-02-12 15:02:640 INFO  HomePage :111 - Clicked on Find jobs button :[[ChromeDriver: chrome on WINDOWS (1d1fdcdb44c4c5516070f0a235ab4548)] -> xpath: //input[@id='hp-search-btn']]
2023-02-12 15:02:241 INFO  HomePage :39 - Job field is selected :[[ChromeDriver: chrome on WINDOWS (13bfa1d91c774ae063f5c9dae9edf443)] -> xpath: //input[@id='keywords']]
2023-02-12 15:02:607 INFO  HomePage :48 - Location field is selected :[[ChromeDriver: chrome on WINDOWS (13bfa1d91c774ae063f5c9dae9edf443)] -> xpath: //input[@id='location']]
2023-02-12 15:02:758 INFO  HomePage :57 - Distance dropdown is selected :[[ChromeDriver: chrome on WINDOWS (13bfa1d91c774ae063f5c9dae9edf443)] -> xpath: //select[@id='distance']]
2023-02-12 15:02:966 INFO  HomePage :66 - Clicked on more search option :[[ChromeDriver: chrome on WINDOWS (13bfa1d91c774ae063f5c9dae9edf443)] -> xpath: //button[@id='toggle-hp-search']]
2023-02-12 15:02:82 INFO  HomePage :75 - Clicked on the min salary field :[[ChromeDriver: chrome on WINDOWS (13bfa1d91c774ae063f5c9dae9edf443)] -> xpath: //input[@id='salarymin']]
2023-02-12 15:02:146 INFO  HomePage :84 - Clicked on the max salary field :[[ChromeDriver: chrome on WINDOWS (13bfa1d91c774ae063f5c9dae9edf443)] -> xpath: //input[@id='salarymax']]
2023-02-12 15:02:244 INFO  HomePage :93 - Clicked on salary type dropdown :[[ChromeDriver: chrome on WINDOWS (13bfa1d91c774ae063f5c9dae9edf443)] -> xpath: //select[@id='salarytype']]
2023-02-12 15:02:328 INFO  HomePage :102 - Clicked onm the Job type drop down :[[ChromeDriver: chrome on WINDOWS (13bfa1d91c774ae063f5c9dae9edf443)] -> xpath: //select[@id='tempperm']]
2023-02-12 15:02:406 INFO  HomePage :111 - Clicked on Find jobs button :[[ChromeDriver: chrome on WINDOWS (13bfa1d91c774ae063f5c9dae9edf443)] -> xpath: //input[@id='hp-search-btn']]
2023-02-12 16:02:703 INFO  HomePage :39 - Job field is selected :[[ChromeDriver: chrome on WINDOWS (d5a658219391e83005ea0de9fea4fc14)] -> xpath: //input[@id='keywords']]
2023-02-12 16:02:762 INFO  HomePage :48 - Location field is selected :[[ChromeDriver: chrome on WINDOWS (d5a658219391e83005ea0de9fea4fc14)] -> xpath: //input[@id='location']]
2023-02-12 16:02:870 INFO  HomePage :57 - Distance dropdown is selected :[[ChromeDriver: chrome on WINDOWS (d5a658219391e83005ea0de9fea4fc14)] -> xpath: //select[@id='distance']]
2023-02-12 16:02:953 INFO  HomePage :66 - Clicked on more search option :[[ChromeDriver: chrome on WINDOWS (d5a658219391e83005ea0de9fea4fc14)] -> xpath: //button[@id='toggle-hp-search']]
2023-02-12 16:02:100 INFO  HomePage :75 - Clicked on the min salary field :[[ChromeDriver: chrome on WINDOWS (d5a658219391e83005ea0de9fea4fc14)] -> xpath: //input[@id='salarymin']]
2023-02-12 16:02:184 INFO  HomePage :84 - Clicked on the max salary field :[[ChromeDriver: chrome on WINDOWS (d5a658219391e83005ea0de9fea4fc14)] -> xpath: //input[@id='salarymax']]
2023-02-12 16:02:371 INFO  HomePage :93 - Clicked on salary type dropdown :[[ChromeDriver: chrome on WINDOWS (d5a658219391e83005ea0de9fea4fc14)] -> xpath: //select[@id='salarytype']]
2023-02-12 16:02:493 INFO  HomePage :102 - Clicked onm the Job type drop down :[[ChromeDriver: chrome on WINDOWS (d5a658219391e83005ea0de9fea4fc14)] -> xpath: //select[@id='tempperm']]
2023-02-12 16:02:566 INFO  HomePage :111 - Clicked on Find jobs button :[[ChromeDriver: chrome on WINDOWS (d5a658219391e83005ea0de9fea4fc14)] -> xpath: //input[@id='hp-search-btn']]
2023-02-12 16:02:40 INFO  HomePage :39 - Job field is selected :[[ChromeDriver: chrome on WINDOWS (93fc268bb6020e4e0dc8a4d46c31d2b2)] -> xpath: //input[@id='keywords']]
2023-02-12 16:02:104 INFO  HomePage :48 - Location field is selected :[[ChromeDriver: chrome on WINDOWS (93fc268bb6020e4e0dc8a4d46c31d2b2)] -> xpath: //input[@id='location']]
2023-02-12 16:02:228 INFO  HomePage :57 - Distance dropdown is selected :[[ChromeDriver: chrome on WINDOWS (93fc268bb6020e4e0dc8a4d46c31d2b2)] -> xpath: //select[@id='distance']]
2023-02-12 16:02:495 INFO  HomePage :66 - Clicked on more search option :[[ChromeDriver: chrome on WINDOWS (93fc268bb6020e4e0dc8a4d46c31d2b2)] -> xpath: //button[@id='toggle-hp-search']]
2023-02-12 16:02:699 INFO  HomePage :75 - Clicked on the min salary field :[[ChromeDriver: chrome on WINDOWS (93fc268bb6020e4e0dc8a4d46c31d2b2)] -> xpath: //input[@id='salarymin']]
2023-02-12 16:02:761 INFO  HomePage :84 - Clicked on the max salary field :[[ChromeDriver: chrome on WINDOWS (93fc268bb6020e4e0dc8a4d46c31d2b2)] -> xpath: //input[@id='salarymax']]
2023-02-12 16:02:863 INFO  HomePage :93 - Clicked on salary type dropdown :[[ChromeDriver: chrome on WINDOWS (93fc268bb6020e4e0dc8a4d46c31d2b2)] -> xpath: //select[@id='salarytype']]
2023-02-12 16:02:951 INFO  HomePage :102 - Clicked onm the Job type drop down :[[ChromeDriver: chrome on WINDOWS (93fc268bb6020e4e0dc8a4d46c31d2b2)] -> xpath: //select[@id='tempperm']]
2023-02-12 16:02:38 INFO  HomePage :111 - Clicked on Find jobs button :[[ChromeDriver: chrome on WINDOWS (93fc268bb6020e4e0dc8a4d46c31d2b2)] -> xpath: //input[@id='hp-search-btn']]
2023-02-12 16:02:376 INFO  HomePage :39 - Job field is selected :[[ChromeDriver: chrome on WINDOWS (b82717a8e779062515867c2ea2bd246e)] -> xpath: //input[@id='keywords']]
2023-02-12 16:02:470 INFO  HomePage :48 - Location field is selected :[[ChromeDriver: chrome on WINDOWS (b82717a8e779062515867c2ea2bd246e)] -> xpath: //input[@id='location']]
2023-02-12 16:02:563 INFO  HomePage :57 - Distance dropdown is selected :[[ChromeDriver: chrome on WINDOWS (b82717a8e779062515867c2ea2bd246e)] -> xpath: //select[@id='distance']]
2023-02-12 16:02:877 INFO  HomePage :66 - Clicked on more search option :[[ChromeDriver: chrome on WINDOWS (b82717a8e779062515867c2ea2bd246e)] -> xpath: //button[@id='toggle-hp-search']]
2023-02-12 16:02:83 INFO  HomePage :75 - Clicked on the min salary field :[[ChromeDriver: chrome on WINDOWS (b82717a8e779062515867c2ea2bd246e)] -> xpath: //input[@id='salarymin']]
2023-02-12 16:02:153 INFO  HomePage :84 - Clicked on the max salary field :[[ChromeDriver: chrome on WINDOWS (b82717a8e779062515867c2ea2bd246e)] -> xpath: //input[@id='salarymax']]
2023-02-12 16:02:252 INFO  HomePage :93 - Clicked on salary type dropdown :[[ChromeDriver: chrome on WINDOWS (b82717a8e779062515867c2ea2bd246e)] -> xpath: //select[@id='salarytype']]
2023-02-12 16:02:338 INFO  HomePage :102 - Clicked onm the Job type drop down :[[ChromeDriver: chrome on WINDOWS (b82717a8e779062515867c2ea2bd246e)] -> xpath: //select[@id='tempperm']]
2023-02-12 16:02:420 INFO  HomePage :111 - Clicked on Find jobs button :[[ChromeDriver: chrome on WINDOWS (b82717a8e779062515867c2ea2bd246e)] -> xpath: //input[@id='hp-search-btn']]
2023-02-12 16:02:992 INFO  HomePage :39 - Job field is selected :[[ChromeDriver: chrome on WINDOWS (86ab216c7bb3fb432cfc9256da2a737a)] -> xpath: //input[@id='keywords']]
2023-02-12 16:02:84 INFO  HomePage :48 - Location field is selected :[[ChromeDriver: chrome on WINDOWS (86ab216c7bb3fb432cfc9256da2a737a)] -> xpath: //input[@id='location']]
2023-02-12 16:02:181 INFO  HomePage :57 - Distance dropdown is selected :[[ChromeDriver: chrome on WINDOWS (86ab216c7bb3fb432cfc9256da2a737a)] -> xpath: //select[@id='distance']]
2023-02-12 16:02:437 INFO  HomePage :66 - Clicked on more search option :[[ChromeDriver: chrome on WINDOWS (86ab216c7bb3fb432cfc9256da2a737a)] -> xpath: //button[@id='toggle-hp-search']]
2023-02-12 16:02:645 INFO  HomePage :75 - Clicked on the min salary field :[[ChromeDriver: chrome on WINDOWS (86ab216c7bb3fb432cfc9256da2a737a)] -> xpath: //input[@id='salarymin']]
2023-02-12 16:02:713 INFO  HomePage :84 - Clicked on the max salary field :[[ChromeDriver: chrome on WINDOWS (86ab216c7bb3fb432cfc9256da2a737a)] -> xpath: //input[@id='salarymax']]
2023-02-12 16:02:806 INFO  HomePage :93 - Clicked on salary type dropdown :[[ChromeDriver: chrome on WINDOWS (86ab216c7bb3fb432cfc9256da2a737a)] -> xpath: //select[@id='salarytype']]
2023-02-12 16:02:892 INFO  HomePage :102 - Clicked onm the Job type drop down :[[ChromeDriver: chrome on WINDOWS (86ab216c7bb3fb432cfc9256da2a737a)] -> xpath: //select[@id='tempperm']]
2023-02-12 16:02:964 INFO  HomePage :111 - Clicked on Find jobs button :[[ChromeDriver: chrome on WINDOWS (86ab216c7bb3fb432cfc9256da2a737a)] -> xpath: //input[@id='hp-search-btn']]
2023-02-12 16:02:964 INFO  HomePage :39 - Job field is selected :[[ChromeDriver: chrome on WINDOWS (777bf07e23db0b0042828ec46888b273)] -> xpath: //input[@id='keywords']]
2023-02-12 16:02:38 INFO  HomePage :48 - Location field is selected :[[ChromeDriver: chrome on WINDOWS (777bf07e23db0b0042828ec46888b273)] -> xpath: //input[@id='location']]
2023-02-12 16:02:170 INFO  HomePage :57 - Distance dropdown is selected :[[ChromeDriver: chrome on WINDOWS (777bf07e23db0b0042828ec46888b273)] -> xpath: //select[@id='distance']]
2023-02-12 16:02:445 INFO  HomePage :66 - Clicked on more search option :[[ChromeDriver: chrome on WINDOWS (777bf07e23db0b0042828ec46888b273)] -> xpath: //button[@id='toggle-hp-search']]
2023-02-12 16:02:626 INFO  HomePage :75 - Clicked on the min salary field :[[ChromeDriver: chrome on WINDOWS (777bf07e23db0b0042828ec46888b273)] -> xpath: //input[@id='salarymin']]
2023-02-12 16:02:736 INFO  HomePage :84 - Clicked on the max salary field :[[ChromeDriver: chrome on WINDOWS (777bf07e23db0b0042828ec46888b273)] -> xpath: //input[@id='salarymax']]
2023-02-12 16:02:845 INFO  HomePage :93 - Clicked on salary type dropdown :[[ChromeDriver: chrome on WINDOWS (777bf07e23db0b0042828ec46888b273)] -> xpath: //select[@id='salarytype']]
2023-02-12 16:02:947 INFO  HomePage :102 - Clicked onm the Job type drop down :[[ChromeDriver: chrome on WINDOWS (777bf07e23db0b0042828ec46888b273)] -> xpath: //select[@id='tempperm']]
2023-02-12 16:02:64 INFO  HomePage :111 - Clicked on Find jobs button :[[ChromeDriver: chrome on WINDOWS (777bf07e23db0b0042828ec46888b273)] -> xpath: //input[@id='hp-search-btn']]
2023-02-12 16:02:785 INFO  HomePage :39 - Job field is selected :[[ChromeDriver: chrome on WINDOWS (2b539935e5e2b97963584200c7344a78)] -> xpath: //input[@id='keywords']]
2023-02-12 16:02:893 INFO  HomePage :48 - Location field is selected :[[ChromeDriver: chrome on WINDOWS (2b539935e5e2b97963584200c7344a78)] -> xpath: //input[@id='location']]
2023-02-12 16:02:15 INFO  HomePage :57 - Distance dropdown is selected :[[ChromeDriver: chrome on WINDOWS (2b539935e5e2b97963584200c7344a78)] -> xpath: //select[@id='distance']]
2023-02-12 16:02:260 INFO  HomePage :66 - Clicked on more search option :[[ChromeDriver: chrome on WINDOWS (2b539935e5e2b97963584200c7344a78)] -> xpath: //button[@id='toggle-hp-search']]
2023-02-12 16:02:476 INFO  HomePage :75 - Clicked on the min salary field :[[ChromeDriver: chrome on WINDOWS (2b539935e5e2b97963584200c7344a78)] -> xpath: //input[@id='salarymin']]
2023-02-12 16:02:548 INFO  HomePage :84 - Clicked on the max salary field :[[ChromeDriver: chrome on WINDOWS (2b539935e5e2b97963584200c7344a78)] -> xpath: //input[@id='salarymax']]
2023-02-12 16:02:656 INFO  HomePage :93 - Clicked on salary type dropdown :[[ChromeDriver: chrome on WINDOWS (2b539935e5e2b97963584200c7344a78)] -> xpath: //select[@id='salarytype']]
2023-02-12 16:02:772 INFO  HomePage :102 - Clicked onm the Job type drop down :[[ChromeDriver: chrome on WINDOWS (2b539935e5e2b97963584200c7344a78)] -> xpath: //select[@id='tempperm']]
2023-02-12 16:02:840 INFO  HomePage :111 - Clicked on Find jobs button :[[ChromeDriver: chrome on WINDOWS (2b539935e5e2b97963584200c7344a78)] -> xpath: //input[@id='hp-search-btn']]
2023-02-12 16:02:115 INFO  HomePage :39 - Job field is selected :[[ChromeDriver: chrome on WINDOWS (1b9bef36ca932e5361be23a194701a0b)] -> xpath: //input[@id='keywords']]
2023-02-12 16:02:180 INFO  HomePage :48 - Location field is selected :[[ChromeDriver: chrome on WINDOWS (1b9bef36ca932e5361be23a194701a0b)] -> xpath: //input[@id='location']]
2023-02-12 16:02:291 INFO  HomePage :57 - Distance dropdown is selected :[[ChromeDriver: chrome on WINDOWS (1b9bef36ca932e5361be23a194701a0b)] -> xpath: //select[@id='distance']]
2023-02-12 16:02:561 INFO  HomePage :66 - Clicked on more search option :[[ChromeDriver: chrome on WINDOWS (1b9bef36ca932e5361be23a194701a0b)] -> xpath: //button[@id='toggle-hp-search']]
2023-02-12 16:02:719 INFO  HomePage :75 - Clicked on the min salary field :[[ChromeDriver: chrome on WINDOWS (1b9bef36ca932e5361be23a194701a0b)] -> xpath: //input[@id='salarymin']]
2023-02-12 16:02:808 INFO  HomePage :84 - Clicked on the max salary field :[[ChromeDriver: chrome on WINDOWS (1b9bef36ca932e5361be23a194701a0b)] -> xpath: //input[@id='salarymax']]
2023-02-12 16:02:893 INFO  HomePage :93 - Clicked on salary type dropdown :[[ChromeDriver: chrome on WINDOWS (1b9bef36ca932e5361be23a194701a0b)] -> xpath: //select[@id='salarytype']]
2023-02-12 16:02:987 INFO  HomePage :102 - Clicked onm the Job type drop down :[[ChromeDriver: chrome on WINDOWS (1b9bef36ca932e5361be23a194701a0b)] -> xpath: //select[@id='tempperm']]
2023-02-12 16:02:62 INFO  HomePage :111 - Clicked on Find jobs button :[[ChromeDriver: chrome on WINDOWS (1b9bef36ca932e5361be23a194701a0b)] -> xpath: //input[@id='hp-search-btn']]
2023-02-12 16:02:551 INFO  HomePage :39 - Job field is selected :[[ChromeDriver: chrome on WINDOWS (90eaec56be7429ca8fe3a8f8802b4bfc)] -> xpath: //input[@id='keywords']]
2023-02-12 16:02:645 INFO  HomePage :48 - Location field is selected :[[ChromeDriver: chrome on WINDOWS (90eaec56be7429ca8fe3a8f8802b4bfc)] -> xpath: //input[@id='location']]
2023-02-12 16:02:747 INFO  HomePage :57 - Distance dropdown is selected :[[ChromeDriver: chrome on WINDOWS (90eaec56be7429ca8fe3a8f8802b4bfc)] -> xpath: //select[@id='distance']]
2023-02-12 16:02:833 INFO  HomePage :66 - Clicked on more search option :[[ChromeDriver: chrome on WINDOWS (90eaec56be7429ca8fe3a8f8802b4bfc)] -> xpath: //button[@id='toggle-hp-search']]
2023-02-12 16:02:966 INFO  HomePage :75 - Clicked on the min salary field :[[ChromeDriver: chrome on WINDOWS (90eaec56be7429ca8fe3a8f8802b4bfc)] -> xpath: //input[@id='salarymin']]
2023-02-12 16:02:38 INFO  HomePage :84 - Clicked on the max salary field :[[ChromeDriver: chrome on WINDOWS (90eaec56be7429ca8fe3a8f8802b4bfc)] -> xpath: //input[@id='salarymax']]
2023-02-12 16:02:140 INFO  HomePage :93 - Clicked on salary type dropdown :[[ChromeDriver: chrome on WINDOWS (90eaec56be7429ca8fe3a8f8802b4bfc)] -> xpath: //select[@id='salarytype']]
2023-02-12 16:02:225 INFO  HomePage :102 - Clicked onm the Job type drop down :[[ChromeDriver: chrome on WINDOWS (90eaec56be7429ca8fe3a8f8802b4bfc)] -> xpath: //select[@id='tempperm']]
2023-02-12 16:02:295 INFO  HomePage :111 - Clicked on Find jobs button :[[ChromeDriver: chrome on WINDOWS (90eaec56be7429ca8fe3a8f8802b4bfc)] -> xpath: //input[@id='hp-search-btn']]
2023-02-12 16:02:673 INFO  HomePage :39 - Job field is selected :[[ChromeDriver: chrome on WINDOWS (8f261703ffcad8b4d8e6fa57d095645d)] -> xpath: //input[@id='keywords']]
2023-02-12 16:02:751 INFO  HomePage :48 - Location field is selected :[[ChromeDriver: chrome on WINDOWS (8f261703ffcad8b4d8e6fa57d095645d)] -> xpath: //input[@id='location']]
2023-02-12 16:02:839 INFO  HomePage :57 - Distance dropdown is selected :[[ChromeDriver: chrome on WINDOWS (8f261703ffcad8b4d8e6fa57d095645d)] -> xpath: //select[@id='distance']]
2023-02-12 16:02:902 INFO  HomePage :66 - Clicked on more search option :[[ChromeDriver: chrome on WINDOWS (8f261703ffcad8b4d8e6fa57d095645d)] -> xpath: //button[@id='toggle-hp-search']]
2023-02-12 16:02:65 INFO  HomePage :75 - Clicked on the min salary field :[[ChromeDriver: chrome on WINDOWS (8f261703ffcad8b4d8e6fa57d095645d)] -> xpath: //input[@id='salarymin']]
2023-02-12 16:02:136 INFO  HomePage :84 - Clicked on the max salary field :[[ChromeDriver: chrome on WINDOWS (8f261703ffcad8b4d8e6fa57d095645d)] -> xpath: //input[@id='salarymax']]
2023-02-12 16:02:241 INFO  HomePage :93 - Clicked on salary type dropdown :[[ChromeDriver: chrome on WINDOWS (8f261703ffcad8b4d8e6fa57d095645d)] -> xpath: //select[@id='salarytype']]
2023-02-12 16:02:327 INFO  HomePage :102 - Clicked onm the Job type drop down :[[ChromeDriver: chrome on WINDOWS (8f261703ffcad8b4d8e6fa57d095645d)] -> xpath: //select[@id='tempperm']]
2023-02-12 16:02:406 INFO  HomePage :111 - Clicked on Find jobs button :[[ChromeDriver: chrome on WINDOWS (8f261703ffcad8b4d8e6fa57d095645d)] -> xpath: //input[@id='hp-search-btn']]
2023-02-12 16:02:145 INFO  HomePage :39 - Job field is selected :[[ChromeDriver: chrome on WINDOWS (a88c1f93be7ddd8126190484cacf32d2)] -> xpath: //input[@id='keywords']]
2023-02-12 16:02:205 INFO  HomePage :48 - Location field is selected :[[ChromeDriver: chrome on WINDOWS (a88c1f93be7ddd8126190484cacf32d2)] -> xpath: //input[@id='location']]
2023-02-12 16:02:316 INFO  HomePage :57 - Distance dropdown is selected :[[ChromeDriver: chrome on WINDOWS (a88c1f93be7ddd8126190484cacf32d2)] -> xpath: //select[@id='distance']]
2023-02-12 16:02:389 INFO  HomePage :66 - Clicked on more search option :[[ChromeDriver: chrome on WINDOWS (a88c1f93be7ddd8126190484cacf32d2)] -> xpath: //button[@id='toggle-hp-search']]
2023-02-12 16:02:575 INFO  HomePage :75 - Clicked on the min salary field :[[ChromeDriver: chrome on WINDOWS (a88c1f93be7ddd8126190484cacf32d2)] -> xpath: //input[@id='salarymin']]
2023-02-12 16:02:684 INFO  HomePage :84 - Clicked on the max salary field :[[ChromeDriver: chrome on WINDOWS (a88c1f93be7ddd8126190484cacf32d2)] -> xpath: //input[@id='salarymax']]
2023-02-12 16:02:793 INFO  HomePage :93 - Clicked on salary type dropdown :[[ChromeDriver: chrome on WINDOWS (a88c1f93be7ddd8126190484cacf32d2)] -> xpath: //select[@id='salarytype']]
2023-02-12 16:02:910 INFO  HomePage :102 - Clicked onm the Job type drop down :[[ChromeDriver: chrome on WINDOWS (a88c1f93be7ddd8126190484cacf32d2)] -> xpath: //select[@id='tempperm']]
2023-02-12 16:02:33 INFO  HomePage :111 - Clicked on Find jobs button :[[ChromeDriver: chrome on WINDOWS (a88c1f93be7ddd8126190484cacf32d2)] -> xpath: //input[@id='hp-search-btn']]
2023-02-12 16:02:354 INFO  HomePage :39 - Job field is selected :[[ChromeDriver: chrome on WINDOWS (fdb1c96fde6e3608f6d611ed8834b7ce)] -> xpath: //input[@id='keywords']]
2023-02-12 16:02:430 INFO  HomePage :48 - Location field is selected :[[ChromeDriver: chrome on WINDOWS (fdb1c96fde6e3608f6d611ed8834b7ce)] -> xpath: //input[@id='location']]
2023-02-12 16:02:589 INFO  HomePage :57 - Distance dropdown is selected :[[ChromeDriver: chrome on WINDOWS (fdb1c96fde6e3608f6d611ed8834b7ce)] -> xpath: //select[@id='distance']]
2023-02-12 16:02:805 INFO  HomePage :66 - Clicked on more search option :[[ChromeDriver: chrome on WINDOWS (fdb1c96fde6e3608f6d611ed8834b7ce)] -> xpath: //button[@id='toggle-hp-search']]
2023-02-12 16:02:986 INFO  HomePage :75 - Clicked on the min salary field :[[ChromeDriver: chrome on WINDOWS (fdb1c96fde6e3608f6d611ed8834b7ce)] -> xpath: //input[@id='salarymin']]
2023-02-12 16:02:88 INFO  HomePage :84 - Clicked on the max salary field :[[ChromeDriver: chrome on WINDOWS (fdb1c96fde6e3608f6d611ed8834b7ce)] -> xpath: //input[@id='salarymax']]
2023-02-12 16:02:201 INFO  HomePage :93 - Clicked on salary type dropdown :[[ChromeDriver: chrome on WINDOWS (fdb1c96fde6e3608f6d611ed8834b7ce)] -> xpath: //select[@id='salarytype']]
2023-02-12 16:02:323 INFO  HomePage :102 - Clicked onm the Job type drop down :[[ChromeDriver: chrome on WINDOWS (fdb1c96fde6e3608f6d611ed8834b7ce)] -> xpath: //select[@id='tempperm']]
2023-02-12 16:02:423 INFO  HomePage :111 - Clicked on Find jobs button :[[ChromeDriver: chrome on WINDOWS (fdb1c96fde6e3608f6d611ed8834b7ce)] -> xpath: //input[@id='hp-search-btn']]
2023-02-12 16:02:307 INFO  HomePage :39 - Job field is selected :[[ChromeDriver: chrome on WINDOWS (5329519137f5d254ccb922b16e0f9929)] -> xpath: //input[@id='keywords']]
2023-02-12 16:02:376 INFO  HomePage :48 - Location field is selected :[[ChromeDriver: chrome on WINDOWS (5329519137f5d254ccb922b16e0f9929)] -> xpath: //input[@id='location']]
2023-02-12 16:02:475 INFO  HomePage :57 - Distance dropdown is selected :[[ChromeDriver: chrome on WINDOWS (5329519137f5d254ccb922b16e0f9929)] -> xpath: //select[@id='distance']]
2023-02-12 16:02:540 INFO  HomePage :66 - Clicked on more search option :[[ChromeDriver: chrome on WINDOWS (5329519137f5d254ccb922b16e0f9929)] -> xpath: //button[@id='toggle-hp-search']]
2023-02-12 16:02:754 INFO  HomePage :75 - Clicked on the min salary field :[[ChromeDriver: chrome on WINDOWS (5329519137f5d254ccb922b16e0f9929)] -> xpath: //input[@id='salarymin']]
2023-02-12 16:02:814 INFO  HomePage :84 - Clicked on the max salary field :[[ChromeDriver: chrome on WINDOWS (5329519137f5d254ccb922b16e0f9929)] -> xpath: //input[@id='salarymax']]
2023-02-12 16:02:894 INFO  HomePage :93 - Clicked on salary type dropdown :[[ChromeDriver: chrome on WINDOWS (5329519137f5d254ccb922b16e0f9929)] -> xpath: //select[@id='salarytype']]
2023-02-12 16:02:38 INFO  HomePage :102 - Clicked onm the Job type drop down :[[ChromeDriver: chrome on WINDOWS (5329519137f5d254ccb922b16e0f9929)] -> xpath: //select[@id='tempperm']]
2023-02-12 16:02:438 INFO  HomePage :111 - Clicked on Find jobs button :[[ChromeDriver: chrome on WINDOWS (5329519137f5d254ccb922b16e0f9929)] -> xpath: //input[@id='hp-search-btn']]
2023-02-12 16:02:230 INFO  HomePage :39 - Job field is selected :[[ChromeDriver: chrome on WINDOWS (3b1bc721d73fd92bdf25a052d709d834)] -> xpath: //input[@id='keywords']]
2023-02-12 16:02:292 INFO  HomePage :48 - Location field is selected :[[ChromeDriver: chrome on WINDOWS (3b1bc721d73fd92bdf25a052d709d834)] -> xpath: //input[@id='location']]
2023-02-12 16:02:397 INFO  HomePage :57 - Distance dropdown is selected :[[ChromeDriver: chrome on WINDOWS (3b1bc721d73fd92bdf25a052d709d834)] -> xpath: //select[@id='distance']]
2023-02-12 16:02:452 INFO  HomePage :66 - Clicked on more search option :[[ChromeDriver: chrome on WINDOWS (3b1bc721d73fd92bdf25a052d709d834)] -> xpath: //button[@id='toggle-hp-search']]
2023-02-12 16:02:576 INFO  HomePage :75 - Clicked on the min salary field :[[ChromeDriver: chrome on WINDOWS (3b1bc721d73fd92bdf25a052d709d834)] -> xpath: //input[@id='salarymin']]
2023-02-12 16:02:666 INFO  HomePage :84 - Clicked on the max salary field :[[ChromeDriver: chrome on WINDOWS (3b1bc721d73fd92bdf25a052d709d834)] -> xpath: //input[@id='salarymax']]
2023-02-12 16:02:747 INFO  HomePage :93 - Clicked on salary type dropdown :[[ChromeDriver: chrome on WINDOWS (3b1bc721d73fd92bdf25a052d709d834)] -> xpath: //select[@id='salarytype']]
2023-02-12 16:02:838 INFO  HomePage :102 - Clicked onm the Job type drop down :[[ChromeDriver: chrome on WINDOWS (3b1bc721d73fd92bdf25a052d709d834)] -> xpath: //select[@id='tempperm']]
2023-02-12 16:02:903 INFO  HomePage :111 - Clicked on Find jobs button :[[ChromeDriver: chrome on WINDOWS (3b1bc721d73fd92bdf25a052d709d834)] -> xpath: //input[@id='hp-search-btn']]
2023-02-12 16:02:878 INFO  HomePage :39 - Job field is selected :[[ChromeDriver: chrome on WINDOWS (7e957c84d2859ae185629ad3f8d4ac3a)] -> xpath: //input[@id='keywords']]
2023-02-12 16:02:947 INFO  HomePage :48 - Location field is selected :[[ChromeDriver: chrome on WINDOWS (7e957c84d2859ae185629ad3f8d4ac3a)] -> xpath: //input[@id='location']]
2023-02-12 16:02:70 INFO  HomePage :57 - Distance dropdown is selected :[[ChromeDriver: chrome on WINDOWS (7e957c84d2859ae185629ad3f8d4ac3a)] -> xpath: //select[@id='distance']]
2023-02-12 16:02:422 INFO  HomePage :66 - Clicked on more search option :[[ChromeDriver: chrome on WINDOWS (7e957c84d2859ae185629ad3f8d4ac3a)] -> xpath: //button[@id='toggle-hp-search']]
2023-02-12 16:02:556 INFO  HomePage :75 - Clicked on the min salary field :[[ChromeDriver: chrome on WINDOWS (7e957c84d2859ae185629ad3f8d4ac3a)] -> xpath: //input[@id='salarymin']]
2023-02-12 16:02:635 INFO  HomePage :84 - Clicked on the max salary field :[[ChromeDriver: chrome on WINDOWS (7e957c84d2859ae185629ad3f8d4ac3a)] -> xpath: //input[@id='salarymax']]
2023-02-12 16:02:739 INFO  HomePage :93 - Clicked on salary type dropdown :[[ChromeDriver: chrome on WINDOWS (7e957c84d2859ae185629ad3f8d4ac3a)] -> xpath: //select[@id='salarytype']]
2023-02-12 16:02:858 INFO  HomePage :102 - Clicked onm the Job type drop down :[[ChromeDriver: chrome on WINDOWS (7e957c84d2859ae185629ad3f8d4ac3a)] -> xpath: //select[@id='tempperm']]
2023-02-12 16:02:944 INFO  HomePage :111 - Clicked on Find jobs button :[[ChromeDriver: chrome on WINDOWS (7e957c84d2859ae185629ad3f8d4ac3a)] -> xpath: //input[@id='hp-search-btn']]
2023-02-12 16:02:576 INFO  HomePage :39 - Job field is selected :[[ChromeDriver: chrome on WINDOWS (d6f4ea41ea6f551f08254ac24912d8d0)] -> xpath: //input[@id='keywords']]
2023-02-12 16:02:662 INFO  HomePage :48 - Location field is selected :[[ChromeDriver: chrome on WINDOWS (d6f4ea41ea6f551f08254ac24912d8d0)] -> xpath: //input[@id='location']]
2023-02-12 16:02:774 INFO  HomePage :57 - Distance dropdown is selected :[[ChromeDriver: chrome on WINDOWS (d6f4ea41ea6f551f08254ac24912d8d0)] -> xpath: //select[@id='distance']]
2023-02-12 16:02:37 INFO  HomePage :66 - Clicked on more search option :[[ChromeDriver: chrome on WINDOWS (d6f4ea41ea6f551f08254ac24912d8d0)] -> xpath: //button[@id='toggle-hp-search']]
2023-02-12 16:02:249 INFO  HomePage :75 - Clicked on the min salary field :[[ChromeDriver: chrome on WINDOWS (d6f4ea41ea6f551f08254ac24912d8d0)] -> xpath: //input[@id='salarymin']]
2023-02-12 16:02:322 INFO  HomePage :84 - Clicked on the max salary field :[[ChromeDriver: chrome on WINDOWS (d6f4ea41ea6f551f08254ac24912d8d0)] -> xpath: //input[@id='salarymax']]
2023-02-12 16:02:644 INFO  HomePage :93 - Clicked on salary type dropdown :[[ChromeDriver: chrome on WINDOWS (d6f4ea41ea6f551f08254ac24912d8d0)] -> xpath: //select[@id='salarytype']]
2023-02-12 16:02:741 INFO  HomePage :102 - Clicked onm the Job type drop down :[[ChromeDriver: chrome on WINDOWS (d6f4ea41ea6f551f08254ac24912d8d0)] -> xpath: //select[@id='tempperm']]
2023-02-12 16:02:812 INFO  HomePage :111 - Clicked on Find jobs button :[[ChromeDriver: chrome on WINDOWS (d6f4ea41ea6f551f08254ac24912d8d0)] -> xpath: //input[@id='hp-search-btn']]
2023-02-12 16:02:370 INFO  HomePage :39 - Job field is selected :[[ChromeDriver: chrome on WINDOWS (e58f095c77872f63823938a800346bee)] -> xpath: //input[@id='keywords']]
2023-02-12 16:02:471 INFO  HomePage :48 - Location field is selected :[[ChromeDriver: chrome on WINDOWS (e58f095c77872f63823938a800346bee)] -> xpath: //input[@id='location']]
2023-02-12 16:02:661 INFO  HomePage :57 - Distance dropdown is selected :[[ChromeDriver: chrome on WINDOWS (e58f095c77872f63823938a800346bee)] -> xpath: //select[@id='distance']]
2023-02-12 16:02:816 INFO  HomePage :66 - Clicked on more search option :[[ChromeDriver: chrome on WINDOWS (e58f095c77872f63823938a800346bee)] -> xpath: //button[@id='toggle-hp-search']]
2023-02-12 16:02:11 INFO  HomePage :75 - Clicked on the min salary field :[[ChromeDriver: chrome on WINDOWS (e58f095c77872f63823938a800346bee)] -> xpath: //input[@id='salarymin']]
2023-02-12 16:02:102 INFO  HomePage :84 - Clicked on the max salary field :[[ChromeDriver: chrome on WINDOWS (e58f095c77872f63823938a800346bee)] -> xpath: //input[@id='salarymax']]
2023-02-12 16:02:240 INFO  HomePage :93 - Clicked on salary type dropdown :[[ChromeDriver: chrome on WINDOWS (e58f095c77872f63823938a800346bee)] -> xpath: //select[@id='salarytype']]
2023-02-12 16:02:382 INFO  HomePage :102 - Clicked onm the Job type drop down :[[ChromeDriver: chrome on WINDOWS (e58f095c77872f63823938a800346bee)] -> xpath: //select[@id='tempperm']]
2023-02-12 16:02:495 INFO  HomePage :111 - Clicked on Find jobs button :[[ChromeDriver: chrome on WINDOWS (e58f095c77872f63823938a800346bee)] -> xpath: //input[@id='hp-search-btn']]
2023-02-12 16:02:151 INFO  HomePage :39 - Job field is selected :[[ChromeDriver: chrome on WINDOWS (3f53fe154a620d6ec66d3411954ebcdd)] -> xpath: //input[@id='keywords']]
2023-02-12 16:02:306 INFO  HomePage :48 - Location field is selected :[[ChromeDriver: chrome on WINDOWS (3f53fe154a620d6ec66d3411954ebcdd)] -> xpath: //input[@id='location']]
2023-02-12 16:02:462 INFO  HomePage :57 - Distance dropdown is selected :[[ChromeDriver: chrome on WINDOWS (3f53fe154a620d6ec66d3411954ebcdd)] -> xpath: //select[@id='distance']]
2023-02-12 16:02:696 INFO  HomePage :66 - Clicked on more search option :[[ChromeDriver: chrome on WINDOWS (3f53fe154a620d6ec66d3411954ebcdd)] -> xpath: //button[@id='toggle-hp-search']]
2023-02-12 16:02:894 INFO  HomePage :75 - Clicked on the min salary field :[[ChromeDriver: chrome on WINDOWS (3f53fe154a620d6ec66d3411954ebcdd)] -> xpath: //input[@id='salarymin']]
2023-02-12 16:02:04 INFO  HomePage :84 - Clicked on the max salary field :[[ChromeDriver: chrome on WINDOWS (3f53fe154a620d6ec66d3411954ebcdd)] -> xpath: //input[@id='salarymax']]
2023-02-12 16:02:120 INFO  HomePage :93 - Clicked on salary type dropdown :[[ChromeDriver: chrome on WINDOWS (3f53fe154a620d6ec66d3411954ebcdd)] -> xpath: //select[@id='salarytype']]
2023-02-12 16:02:257 INFO  HomePage :102 - Clicked onm the Job type drop down :[[ChromeDriver: chrome on WINDOWS (3f53fe154a620d6ec66d3411954ebcdd)] -> xpath: //select[@id='tempperm']]
2023-02-12 16:02:372 INFO  HomePage :111 - Clicked on Find jobs button :[[ChromeDriver: chrome on WINDOWS (3f53fe154a620d6ec66d3411954ebcdd)] -> xpath: //input[@id='hp-search-btn']]
2023-02-12 16:02:666 INFO  HomePage :39 - Job field is selected :[[ChromeDriver: chrome on WINDOWS (693be30412c8a2779ec12e35c6c2497c)] -> xpath: //input[@id='keywords']]
2023-02-12 16:02:770 INFO  HomePage :48 - Location field is selected :[[ChromeDriver: chrome on WINDOWS (693be30412c8a2779ec12e35c6c2497c)] -> xpath: //input[@id='location']]
2023-02-12 16:02:899 INFO  HomePage :57 - Distance dropdown is selected :[[ChromeDriver: chrome on WINDOWS (693be30412c8a2779ec12e35c6c2497c)] -> xpath: //select[@id='distance']]
2023-02-12 16:02:249 INFO  HomePage :66 - Clicked on more search option :[[ChromeDriver: chrome on WINDOWS (693be30412c8a2779ec12e35c6c2497c)] -> xpath: //button[@id='toggle-hp-search']]
2023-02-12 16:02:412 INFO  HomePage :75 - Clicked on the min salary field :[[ChromeDriver: chrome on WINDOWS (693be30412c8a2779ec12e35c6c2497c)] -> xpath: //input[@id='salarymin']]
2023-02-12 16:02:508 INFO  HomePage :84 - Clicked on the max salary field :[[ChromeDriver: chrome on WINDOWS (693be30412c8a2779ec12e35c6c2497c)] -> xpath: //input[@id='salarymax']]
2023-02-12 16:02:647 INFO  HomePage :93 - Clicked on salary type dropdown :[[ChromeDriver: chrome on WINDOWS (693be30412c8a2779ec12e35c6c2497c)] -> xpath: //select[@id='salarytype']]
2023-02-12 16:02:818 INFO  HomePage :102 - Clicked onm the Job type drop down :[[ChromeDriver: chrome on WINDOWS (693be30412c8a2779ec12e35c6c2497c)] -> xpath: //select[@id='tempperm']]
2023-02-12 16:02:888 INFO  HomePage :111 - Clicked on Find jobs button :[[ChromeDriver: chrome on WINDOWS (693be30412c8a2779ec12e35c6c2497c)] -> xpath: //input[@id='hp-search-btn']]
2023-02-12 16:02:609 INFO  HomePage :39 - Job field is selected :[[ChromeDriver: chrome on WINDOWS (2ddaaf9fd20ac5c4b1956edb2c8dd0c3)] -> xpath: //input[@id='keywords']]
2023-02-12 16:02:662 INFO  HomePage :48 - Location field is selected :[[ChromeDriver: chrome on WINDOWS (2ddaaf9fd20ac5c4b1956edb2c8dd0c3)] -> xpath: //input[@id='location']]
2023-02-12 16:02:775 INFO  HomePage :57 - Distance dropdown is selected :[[ChromeDriver: chrome on WINDOWS (2ddaaf9fd20ac5c4b1956edb2c8dd0c3)] -> xpath: //select[@id='distance']]
2023-02-12 16:02:841 INFO  HomePage :66 - Clicked on more search option :[[ChromeDriver: chrome on WINDOWS (2ddaaf9fd20ac5c4b1956edb2c8dd0c3)] -> xpath: //button[@id='toggle-hp-search']]
2023-02-12 16:02:977 INFO  HomePage :75 - Clicked on the min salary field :[[ChromeDriver: chrome on WINDOWS (2ddaaf9fd20ac5c4b1956edb2c8dd0c3)] -> xpath: //input[@id='salarymin']]
2023-02-12 16:02:62 INFO  HomePage :84 - Clicked on the max salary field :[[ChromeDriver: chrome on WINDOWS (2ddaaf9fd20ac5c4b1956edb2c8dd0c3)] -> xpath: //input[@id='salarymax']]
2023-02-12 16:02:148 INFO  HomePage :93 - Clicked on salary type dropdown :[[ChromeDriver: chrome on WINDOWS (2ddaaf9fd20ac5c4b1956edb2c8dd0c3)] -> xpath: //select[@id='salarytype']]
2023-02-12 16:02:237 INFO  HomePage :102 - Clicked onm the Job type drop down :[[ChromeDriver: chrome on WINDOWS (2ddaaf9fd20ac5c4b1956edb2c8dd0c3)] -> xpath: //select[@id='tempperm']]
2023-02-12 16:02:311 INFO  HomePage :111 - Clicked on Find jobs button :[[ChromeDriver: chrome on WINDOWS (2ddaaf9fd20ac5c4b1956edb2c8dd0c3)] -> xpath: //input[@id='hp-search-btn']]
2023-02-12 16:02:833 INFO  HomePage :39 - Job field is selected :[[ChromeDriver: chrome on WINDOWS (607a59f596269936cf1b70bff7b01a67)] -> xpath: //input[@id='keywords']]
2023-02-12 16:02:919 INFO  HomePage :48 - Location field is selected :[[ChromeDriver: chrome on WINDOWS (607a59f596269936cf1b70bff7b01a67)] -> xpath: //input[@id='location']]
2023-02-12 16:02:34 INFO  HomePage :57 - Distance dropdown is selected :[[ChromeDriver: chrome on WINDOWS (607a59f596269936cf1b70bff7b01a67)] -> xpath: //select[@id='distance']]
2023-02-12 16:02:298 INFO  HomePage :66 - Clicked on more search option :[[ChromeDriver: chrome on WINDOWS (607a59f596269936cf1b70bff7b01a67)] -> xpath: //button[@id='toggle-hp-search']]
2023-02-12 16:02:428 INFO  HomePage :75 - Clicked on the min salary field :[[ChromeDriver: chrome on WINDOWS (607a59f596269936cf1b70bff7b01a67)] -> xpath: //input[@id='salarymin']]
2023-02-12 16:02:513 INFO  HomePage :84 - Clicked on the max salary field :[[ChromeDriver: chrome on WINDOWS (607a59f596269936cf1b70bff7b01a67)] -> xpath: //input[@id='salarymax']]
2023-02-12 16:02:619 INFO  HomePage :93 - Clicked on salary type dropdown :[[ChromeDriver: chrome on WINDOWS (607a59f596269936cf1b70bff7b01a67)] -> xpath: //select[@id='salarytype']]
2023-02-12 16:02:713 INFO  HomePage :102 - Clicked onm the Job type drop down :[[ChromeDriver: chrome on WINDOWS (607a59f596269936cf1b70bff7b01a67)] -> xpath: //select[@id='tempperm']]
2023-02-12 16:02:787 INFO  HomePage :111 - Clicked on Find jobs button :[[ChromeDriver: chrome on WINDOWS (607a59f596269936cf1b70bff7b01a67)] -> xpath: //input[@id='hp-search-btn']]
2023-02-12 16:02:440 INFO  HomePage :39 - Job field is selected :[[ChromeDriver: chrome on WINDOWS (db3eedb0cfee2505f173a8fa234f8de1)] -> xpath: //input[@id='keywords']]
2023-02-12 16:02:514 INFO  HomePage :48 - Location field is selected :[[ChromeDriver: chrome on WINDOWS (db3eedb0cfee2505f173a8fa234f8de1)] -> xpath: //input[@id='location']]
2023-02-12 16:02:614 INFO  HomePage :57 - Distance dropdown is selected :[[ChromeDriver: chrome on WINDOWS (db3eedb0cfee2505f173a8fa234f8de1)] -> xpath: //select[@id='distance']]
2023-02-12 16:02:678 INFO  HomePage :66 - Clicked on more search option :[[ChromeDriver: chrome on WINDOWS (db3eedb0cfee2505f173a8fa234f8de1)] -> xpath: //button[@id='toggle-hp-search']]
2023-02-12 16:02:545 INFO  HomePage :39 - Job field is selected :[[ChromeDriver: chrome on WINDOWS (83af2d55e806453d1f7a81d02a211a5d)] -> xpath: //input[@id='keywords']]
2023-02-12 16:02:637 INFO  HomePage :48 - Location field is selected :[[ChromeDriver: chrome on WINDOWS (83af2d55e806453d1f7a81d02a211a5d)] -> xpath: //input[@id='location']]
2023-02-12 16:02:729 INFO  HomePage :57 - Distance dropdown is selected :[[ChromeDriver: chrome on WINDOWS (83af2d55e806453d1f7a81d02a211a5d)] -> xpath: //select[@id='distance']]
2023-02-12 16:02:42 INFO  HomePage :66 - Clicked on more search option :[[ChromeDriver: chrome on WINDOWS (83af2d55e806453d1f7a81d02a211a5d)] -> xpath: //button[@id='toggle-hp-search']]
2023-02-12 16:02:245 INFO  HomePage :75 - Clicked on the min salary field :[[ChromeDriver: chrome on WINDOWS (83af2d55e806453d1f7a81d02a211a5d)] -> xpath: //input[@id='salarymin']]
2023-02-12 16:02:305 INFO  HomePage :84 - Clicked on the max salary field :[[ChromeDriver: chrome on WINDOWS (83af2d55e806453d1f7a81d02a211a5d)] -> xpath: //input[@id='salarymax']]
2023-02-12 16:02:401 INFO  HomePage :93 - Clicked on salary type dropdown :[[ChromeDriver: chrome on WINDOWS (83af2d55e806453d1f7a81d02a211a5d)] -> xpath: //select[@id='salarytype']]
2023-02-12 16:02:492 INFO  HomePage :102 - Clicked onm the Job type drop down :[[ChromeDriver: chrome on WINDOWS (83af2d55e806453d1f7a81d02a211a5d)] -> xpath: //select[@id='tempperm']]
2023-02-12 16:02:563 INFO  HomePage :111 - Clicked on Find jobs button :[[ChromeDriver: chrome on WINDOWS (83af2d55e806453d1f7a81d02a211a5d)] -> xpath: //input[@id='hp-search-btn']]
2023-02-12 16:02:830 INFO  HomePage :39 - Job field is selected :[[ChromeDriver: chrome on WINDOWS (bd87d8df4d935a036dd55c994dd3b8b7)] -> xpath: //input[@id='keywords']]
2023-02-12 16:02:911 INFO  HomePage :48 - Location field is selected :[[ChromeDriver: chrome on WINDOWS (bd87d8df4d935a036dd55c994dd3b8b7)] -> xpath: //input[@id='location']]
2023-02-12 16:02:12 INFO  HomePage :57 - Distance dropdown is selected :[[ChromeDriver: chrome on WINDOWS (bd87d8df4d935a036dd55c994dd3b8b7)] -> xpath: //select[@id='distance']]
2023-02-12 16:02:88 INFO  HomePage :66 - Clicked on more search option :[[ChromeDriver: chrome on WINDOWS (bd87d8df4d935a036dd55c994dd3b8b7)] -> xpath: //button[@id='toggle-hp-search']]
2023-02-12 16:02:212 INFO  HomePage :75 - Clicked on the min salary field :[[ChromeDriver: chrome on WINDOWS (bd87d8df4d935a036dd55c994dd3b8b7)] -> xpath: //input[@id='salarymin']]
2023-02-12 16:02:296 INFO  HomePage :84 - Clicked on the max salary field :[[ChromeDriver: chrome on WINDOWS (bd87d8df4d935a036dd55c994dd3b8b7)] -> xpath: //input[@id='salarymax']]
2023-02-12 16:02:426 INFO  HomePage :93 - Clicked on salary type dropdown :[[ChromeDriver: chrome on WINDOWS (bd87d8df4d935a036dd55c994dd3b8b7)] -> xpath: //select[@id='salarytype']]
2023-02-12 16:02:522 INFO  HomePage :102 - Clicked onm the Job type drop down :[[ChromeDriver: chrome on WINDOWS (bd87d8df4d935a036dd55c994dd3b8b7)] -> xpath: //select[@id='tempperm']]
2023-02-12 16:02:596 INFO  HomePage :111 - Clicked on Find jobs button :[[ChromeDriver: chrome on WINDOWS (bd87d8df4d935a036dd55c994dd3b8b7)] -> xpath: //input[@id='hp-search-btn']]
2023-02-12 16:02:929 INFO  HomePage :39 - Job field is selected :[[ChromeDriver: chrome on WINDOWS (6922cf20cc2120205b519edd442470d8)] -> xpath: //input[@id='keywords']]
2023-02-12 16:02:27 INFO  HomePage :48 - Location field is selected :[[ChromeDriver: chrome on WINDOWS (6922cf20cc2120205b519edd442470d8)] -> xpath: //input[@id='location']]
2023-02-12 16:02:129 INFO  HomePage :57 - Distance dropdown is selected :[[ChromeDriver: chrome on WINDOWS (6922cf20cc2120205b519edd442470d8)] -> xpath: //select[@id='distance']]
2023-02-12 16:02:450 INFO  HomePage :66 - Clicked on more search option :[[ChromeDriver: chrome on WINDOWS (6922cf20cc2120205b519edd442470d8)] -> xpath: //button[@id='toggle-hp-search']]
2023-02-12 16:02:613 INFO  HomePage :75 - Clicked on the min salary field :[[ChromeDriver: chrome on WINDOWS (6922cf20cc2120205b519edd442470d8)] -> xpath: //input[@id='salarymin']]
2023-02-12 16:02:682 INFO  HomePage :84 - Clicked on the max salary field :[[ChromeDriver: chrome on WINDOWS (6922cf20cc2120205b519edd442470d8)] -> xpath: //input[@id='salarymax']]
2023-02-12 16:02:779 INFO  HomePage :93 - Clicked on salary type dropdown :[[ChromeDriver: chrome on WINDOWS (6922cf20cc2120205b519edd442470d8)] -> xpath: //select[@id='salarytype']]
2023-02-12 16:02:864 INFO  HomePage :102 - Clicked onm the Job type drop down :[[ChromeDriver: chrome on WINDOWS (6922cf20cc2120205b519edd442470d8)] -> xpath: //select[@id='tempperm']]
2023-02-12 16:02:937 INFO  HomePage :111 - Clicked on Find jobs button :[[ChromeDriver: chrome on WINDOWS (6922cf20cc2120205b519edd442470d8)] -> xpath: //input[@id='hp-search-btn']]
